<?xml version="1.0" encoding="UTF-8"?>
<!-- Generated by org.testng.reporters.JUnitReportReporter -->
<testsuite skipped="0" hostname="justinasz-mbp15.local" name="beta.demo1" tests="1" failures="0" timestamp="20 Feb 2019 09:19:33 GMT" time="0.019" errors="0">
  <testcase name="testing" time="0.019" classname="beta.demo1"/>
</testsuite> <!-- beta.demo1 -->
