<?xml version="1.0" encoding="UTF-8"?>
<!-- Generated by org.testng.reporters.JUnitReportReporter -->
<testsuite skipped="0" hostname="justinasz-mbp15.local" name="alpha.demo" tests="1" failures="0" timestamp="20 Feb 2019 09:45:36 GMT" time="0.017" errors="0">
  <testcase name="testing" time="0.017" classname="alpha.demo"/>
</testsuite> <!-- alpha.demo -->
