<?xml version="1.0" encoding="UTF-8"?>
<!-- Generated by org.testng.reporters.JUnitReportReporter -->
<testsuite hostname="justinasz-mbp15.local" name="basics4_xml" tests="1" failures="0" timestamp="12 Feb 2019 09:18:50 GMT" time="1.303" errors="0">
  <testcase name="testPost" time="1.303" classname="basics4_xml"/>
</testsuite> <!-- basics4_xml -->
