<?xml version="1.0" encoding="UTF-8"?>
<!-- Generated by org.testng.reporters.JUnitReportReporter -->
<testsuite hostname="justinasz-mbp15.local" name="basics2" tests="3" failures="0" timestamp="12 Feb 2019 12:45:09 GMT" time="2.080" errors="0">
  <testcase name="addBook" time="0.360" classname="basics2"/>
  <testcase name="addBook" time="0.360" classname="basics2"/>
  <testcase name="addBook" time="1.360" classname="basics2"/>
</testsuite> <!-- basics2 -->
