<?xml version="1.0" encoding="UTF-8"?>
<!-- Generated by org.testng.reporters.JUnitReportReporter -->
<testsuite hostname="justinasz-mbp15.local" name="basics6_jira" tests="1" failures="0" timestamp="13 Feb 2019 12:45:22 GMT" time="1.164" errors="0">
  <testcase name="jiraAPI_deleteComment" time="1.164" classname="basics6_jira"/>
</testsuite> <!-- basics6_jira -->
