<?xml version="1.0" encoding="UTF-8"?>
<!-- Generated by org.testng.reporters.JUnitReportReporter -->
<testsuite hostname="justinasz-mbp15.local" name="basics7_twitter" tests="1" failures="0" timestamp="14 Feb 2019 10:28:06 GMT" time="1.587" errors="0">
  <testcase name="createTweet" time="1.587" classname="basics7_twitter"/>
</testsuite> <!-- basics7_twitter -->
