<?xml version="1.0" encoding="UTF-8"?>
<!-- Generated by org.testng.reporters.JUnitReportReporter -->
<testsuite hostname="justinasz-mbp15.local" name="basics" tests="1" failures="0" timestamp="12 Feb 2019 10:02:19 GMT" time="1.560" errors="0">
  <testcase name="Test1" time="1.560" classname="basics"/>
</testsuite> <!-- basics -->
