<?xml version="1.0" encoding="UTF-8"?>
<!-- Generated by org.testng.reporters.JUnitReportReporter -->
<testsuite hostname="justinasz-mbp15.local" name="basics3" tests="1" failures="0" timestamp="12 Feb 2019 08:56:26 GMT" time="1.895" errors="0">
  <testcase name="addAndDeletePlace" time="1.895" classname="basics3"/>
</testsuite> <!-- basics3 -->
