<?xml version="1.0" encoding="UTF-8"?>
<!-- Generated by org.testng.reporters.JUnitReportReporter -->
<testsuite hostname="justinasz-mbp15.local" name="staticJson" tests="1" failures="0" timestamp="12 Feb 2019 13:02:05 GMT" time="1.431" errors="0">
  <testcase name="addBook" time="1.431" classname="staticJson"/>
</testsuite> <!-- staticJson -->
