<?xml version="1.0" encoding="UTF-8"?>
<!-- Generated by org.testng.reporters.JUnitReportReporter -->
<testsuite skipped="0" hostname="justinasz-mbp15.local" name="justinasTraining.appiumTests" tests="1" failures="0" timestamp="19 Feb 2019 09:32:27 GMT" time="0.000" errors="0">
  <testcase name="appTest" time="0.000" classname="justinasTraining.appiumTests"/>
</testsuite> <!-- justinasTraining.appiumTests -->
