<?xml version="1.0" encoding="UTF-8"?>
<!-- Generated by org.testng.reporters.JUnitReportReporter -->
<testsuite skipped="0" hostname="justinasz-mbp15.local" name="justinasTraining.seleniumTests" tests="1" failures="0" timestamp="19 Feb 2019 09:32:27 GMT" time="0.006" errors="0">
  <testcase name="browserAutomation" time="0.006" classname="justinasTraining.seleniumTests"/>
</testsuite> <!-- justinasTraining.seleniumTests -->
